2019-08-08 17:31:30.686 [main] INFO  com.aaa.securityweb.SecuritywebApplication.logStarting:50 - Starting SecuritywebApplication on wuxia with PID 24644 (E:\WorkSpace\securityweb\target\classes started by 信息 in E:\WorkSpace\securityweb)
2019-08-08 17:31:30.691 [main] INFO  com.aaa.securityweb.SecuritywebApplication.logStartupProfileInfo:650 - The following profiles are active: dev
2019-08-08 17:31:31.678 [main] WARN  org.mybatis.spring.mapper.ClassPathMapperScanner.warn:44 - No MyBatis mapper was found in '[com.aaa.securityweb]' package. Please check your configuration.
2019-08-08 17:31:32.721 [main] INFO  o.s.boot.web.embedded.tomcat.TomcatWebServer.initialize:90 - Tomcat initialized with port(s): 8881 (http)
2019-08-08 17:31:32.743 [main] INFO  org.apache.coyote.http11.Http11NioProtocol.log:173 - Initializing ProtocolHandler ["http-nio-8881"]
2019-08-08 17:31:32.769 [main] INFO  org.apache.catalina.core.StandardService.log:173 - Starting service [Tomcat]
2019-08-08 17:31:32.770 [main] INFO  org.apache.catalina.core.StandardEngine.log:173 - Starting Servlet engine: [Apache Tomcat/9.0.21]
2019-08-08 17:31:33.224 [main] INFO  org.apache.jasper.servlet.TldScanner.log:173 - At least one JAR was scanned for TLDs yet contained no TLDs. Enable debug logging for this logger for a complete list of JARs that were scanned but no TLDs were found in them. Skipping unneeded JARs during scanning can improve startup time and JSP compilation time.
2019-08-08 17:31:33.244 [main] INFO  o.a.catalina.core.ContainerBase.[Tomcat].[localhost].[/].log:173 - Initializing Spring embedded WebApplicationContext
2019-08-08 17:31:33.244 [main] INFO  org.springframework.web.context.ContextLoader.prepareWebApplicationContext:283 - Root WebApplicationContext: initialization completed in 2470 ms
2019-08-08 17:31:33.866 [main] INFO  o.s.security.web.DefaultSecurityFilterChain.<init>:43 - Creating filter chain: Ant [pattern='/v2/*'], []
2019-08-08 17:31:33.867 [main] INFO  o.s.security.web.DefaultSecurityFilterChain.<init>:43 - Creating filter chain: Ant [pattern='/user/**'], []
2019-08-08 17:31:33.936 [main] INFO  o.s.security.web.DefaultSecurityFilterChain.<init>:43 - Creating filter chain: any request, [org.springframework.security.web.context.request.async.WebAsyncManagerIntegrationFilter@e0e464, org.springframework.security.web.context.SecurityContextPersistenceFilter@198b809, org.springframework.security.web.header.HeaderWriterFilter@9f25f3, org.springframework.security.web.authentication.logout.LogoutFilter@17b6a37, org.springframework.security.web.authentication.UsernamePasswordAuthenticationFilter@1b32a14, org.springframework.security.web.savedrequest.RequestCacheAwareFilter@1f75b5c, org.springframework.security.web.servletapi.SecurityContextHolderAwareRequestFilter@180cb79, org.springframework.security.web.authentication.rememberme.RememberMeAuthenticationFilter@1e09383, org.springframework.security.web.authentication.AnonymousAuthenticationFilter@198daa0, org.springframework.security.web.session.SessionManagementFilter@62ead7, org.springframework.security.web.access.ExceptionTranslationFilter@43c38d, org.springframework.security.web.access.intercept.FilterSecurityInterceptor@1874b9d]
2019-08-08 17:31:34.110 [main] INFO  o.s.scheduling.concurrent.ThreadPoolTaskExecutor.initialize:171 - Initializing ExecutorService 'applicationTaskExecutor'
2019-08-08 17:31:34.658 [main] INFO  org.apache.coyote.http11.Http11NioProtocol.log:173 - Starting ProtocolHandler ["http-nio-8881"]
2019-08-08 17:31:34.709 [main] INFO  o.s.boot.web.embedded.tomcat.TomcatWebServer.start:202 - Tomcat started on port(s): 8881 (http) with context path ''
2019-08-08 17:31:34.714 [main] INFO  com.aaa.securityweb.SecuritywebApplication.logStarted:59 - Started SecuritywebApplication in 5.102 seconds (JVM running for 6.144)
2019-08-08 17:31:57.455 [Thread-15] INFO  o.s.scheduling.concurrent.ThreadPoolTaskExecutor.shutdown:208 - Shutting down ExecutorService 'applicationTaskExecutor'
2019-08-08 17:32:49.232 [main] INFO  com.aaa.securityweb.SecuritywebApplication.logStarting:50 - Starting SecuritywebApplication on wuxia with PID 13224 (E:\WorkSpace\securityweb\target\classes started by 信息 in E:\WorkSpace\securityweb)
2019-08-08 17:32:49.235 [main] INFO  com.aaa.securityweb.SecuritywebApplication.logStartupProfileInfo:650 - The following profiles are active: dev
2019-08-08 17:32:49.717 [main] WARN  org.mybatis.spring.mapper.ClassPathMapperScanner.warn:44 - No MyBatis mapper was found in '[com.aaa.securityweb]' package. Please check your configuration.
2019-08-08 17:32:50.221 [main] INFO  o.s.boot.web.embedded.tomcat.TomcatWebServer.initialize:90 - Tomcat initialized with port(s): 8881 (http)
2019-08-08 17:32:50.231 [main] INFO  org.apache.coyote.http11.Http11NioProtocol.log:173 - Initializing ProtocolHandler ["http-nio-8881"]
2019-08-08 17:32:50.245 [main] INFO  org.apache.catalina.core.StandardService.log:173 - Starting service [Tomcat]
2019-08-08 17:32:50.245 [main] INFO  org.apache.catalina.core.StandardEngine.log:173 - Starting Servlet engine: [Apache Tomcat/9.0.21]
2019-08-08 17:32:50.513 [main] INFO  org.apache.jasper.servlet.TldScanner.log:173 - At least one JAR was scanned for TLDs yet contained no TLDs. Enable debug logging for this logger for a complete list of JARs that were scanned but no TLDs were found in them. Skipping unneeded JARs during scanning can improve startup time and JSP compilation time.
2019-08-08 17:32:50.523 [main] INFO  o.a.catalina.core.ContainerBase.[Tomcat].[localhost].[/].log:173 - Initializing Spring embedded WebApplicationContext
2019-08-08 17:32:50.523 [main] INFO  org.springframework.web.context.ContextLoader.prepareWebApplicationContext:283 - Root WebApplicationContext: initialization completed in 1251 ms
2019-08-08 17:32:50.844 [main] INFO  o.s.security.web.DefaultSecurityFilterChain.<init>:43 - Creating filter chain: Ant [pattern='/v2/*'], []
2019-08-08 17:32:50.845 [main] INFO  o.s.security.web.DefaultSecurityFilterChain.<init>:43 - Creating filter chain: Ant [pattern='/user/**'], []
2019-08-08 17:32:50.879 [main] INFO  o.s.security.web.DefaultSecurityFilterChain.<init>:43 - Creating filter chain: any request, [org.springframework.security.web.context.request.async.WebAsyncManagerIntegrationFilter@11b1c2a, org.springframework.security.web.context.SecurityContextPersistenceFilter@17c80c6, org.springframework.security.web.header.HeaderWriterFilter@336976, org.springframework.security.web.authentication.logout.LogoutFilter@464fa3, org.springframework.security.web.authentication.UsernamePasswordAuthenticationFilter@15e133, org.springframework.security.web.savedrequest.RequestCacheAwareFilter@12e5c0d, org.springframework.security.web.servletapi.SecurityContextHolderAwareRequestFilter@91b4f4, org.springframework.security.web.authentication.rememberme.RememberMeAuthenticationFilter@1be445f, org.springframework.security.web.authentication.AnonymousAuthenticationFilter@197248c, org.springframework.security.web.session.SessionManagementFilter@125f48a, org.springframework.security.web.access.ExceptionTranslationFilter@1df61ad, org.springframework.security.web.access.intercept.FilterSecurityInterceptor@4ab983]
2019-08-08 17:32:50.959 [main] INFO  o.s.scheduling.concurrent.ThreadPoolTaskExecutor.initialize:171 - Initializing ExecutorService 'applicationTaskExecutor'
2019-08-08 17:32:51.238 [main] INFO  org.apache.coyote.http11.Http11NioProtocol.log:173 - Starting ProtocolHandler ["http-nio-8881"]
2019-08-08 17:32:51.262 [main] INFO  o.s.boot.web.embedded.tomcat.TomcatWebServer.start:202 - Tomcat started on port(s): 8881 (http) with context path ''
2019-08-08 17:32:51.265 [main] INFO  com.aaa.securityweb.SecuritywebApplication.logStarted:59 - Started SecuritywebApplication in 2.615 seconds (JVM running for 3.427)
2019-08-08 17:34:12.193 [Thread-9] INFO  o.s.scheduling.concurrent.ThreadPoolTaskExecutor.shutdown:208 - Shutting down ExecutorService 'applicationTaskExecutor'
