2020-04-13 09:51:07.103 INFO  org.springframework.boot.devtools.env.DevToolsPropertyDefaultsPostProcessor Line:225 - Devtools property defaults active! Set 'spring.devtools.add-properties' to 'false' to disable
2020-04-13 09:51:07.570 INFO  org.springframework.context.support.PostProcessorRegistrationDelegate$BeanPostProcessorChecker Line:330 - Bean 'org.springframework.cloud.autoconfigure.ConfigurationPropertiesRebinderAutoConfiguration' of type [org.springframework.cloud.autoconfigure.ConfigurationPropertiesRebinderAutoConfiguration$$EnhancerBySpringCGLIB$$77865bf7] is not eligible for getting processed by all BeanPostProcessors (for example: not eligible for auto-proxying)
2020-04-13 09:51:09.342 INFO  com.aaa.security_oauth2.SecurityOauth2Application Line:646 - No active profile set, falling back to default profiles: default
2020-04-13 09:51:48.378 INFO  org.springframework.boot.devtools.env.DevToolsPropertyDefaultsPostProcessor Line:225 - Devtools property defaults active! Set 'spring.devtools.add-properties' to 'false' to disable
2020-04-13 09:51:48.692 INFO  org.springframework.context.support.PostProcessorRegistrationDelegate$BeanPostProcessorChecker Line:330 - Bean 'org.springframework.cloud.autoconfigure.ConfigurationPropertiesRebinderAutoConfiguration' of type [org.springframework.cloud.autoconfigure.ConfigurationPropertiesRebinderAutoConfiguration$$EnhancerBySpringCGLIB$$8c57faee] is not eligible for getting processed by all BeanPostProcessors (for example: not eligible for auto-proxying)
2020-04-13 09:51:50.364 INFO  com.aaa.security_oauth2.SecurityOauth2Application Line:646 - No active profile set, falling back to default profiles: default
2020-04-13 09:53:36.661 INFO  org.springframework.boot.devtools.env.DevToolsPropertyDefaultsPostProcessor Line:225 - Devtools property defaults active! Set 'spring.devtools.add-properties' to 'false' to disable
2020-04-13 09:53:37.001 INFO  org.springframework.context.support.PostProcessorRegistrationDelegate$BeanPostProcessorChecker Line:330 - Bean 'org.springframework.cloud.autoconfigure.ConfigurationPropertiesRebinderAutoConfiguration' of type [org.springframework.cloud.autoconfigure.ConfigurationPropertiesRebinderAutoConfiguration$$EnhancerBySpringCGLIB$$475e3fc6] is not eligible for getting processed by all BeanPostProcessors (for example: not eligible for auto-proxying)
2020-04-13 09:53:38.610 INFO  com.aaa.security_oauth2.SecurityOauth2Application Line:646 - No active profile set, falling back to default profiles: default
2020-04-13 09:54:36.724 INFO  org.springframework.boot.devtools.env.DevToolsPropertyDefaultsPostProcessor Line:225 - Devtools property defaults active! Set 'spring.devtools.add-properties' to 'false' to disable
2020-04-13 09:54:37.068 INFO  org.springframework.context.support.PostProcessorRegistrationDelegate$BeanPostProcessorChecker Line:330 - Bean 'org.springframework.cloud.autoconfigure.ConfigurationPropertiesRebinderAutoConfiguration' of type [org.springframework.cloud.autoconfigure.ConfigurationPropertiesRebinderAutoConfiguration$$EnhancerBySpringCGLIB$$ceb60edd] is not eligible for getting processed by all BeanPostProcessors (for example: not eligible for auto-proxying)
2020-04-13 09:54:39.291 INFO  com.aaa.security_oauth2.SecurityOauth2Application Line:646 - No active profile set, falling back to default profiles: default
2020-04-13 09:55:16.860 INFO  org.springframework.boot.devtools.env.DevToolsPropertyDefaultsPostProcessor Line:225 - Devtools property defaults active! Set 'spring.devtools.add-properties' to 'false' to disable
2020-04-13 09:55:17.203 INFO  org.springframework.context.support.PostProcessorRegistrationDelegate$BeanPostProcessorChecker Line:330 - Bean 'org.springframework.cloud.autoconfigure.ConfigurationPropertiesRebinderAutoConfiguration' of type [org.springframework.cloud.autoconfigure.ConfigurationPropertiesRebinderAutoConfiguration$$EnhancerBySpringCGLIB$$c563ddbc] is not eligible for getting processed by all BeanPostProcessors (for example: not eligible for auto-proxying)
2020-04-13 09:55:18.856 INFO  com.aaa.security_oauth2.SecurityOauth2Application Line:646 - No active profile set, falling back to default profiles: default
2020-04-13 09:55:22.477 INFO  org.springframework.data.repository.config.RepositoryConfigurationDelegate Line:244 - Multiple Spring Data modules found, entering strict repository configuration mode!
2020-04-13 09:55:22.478 INFO  org.springframework.data.repository.config.RepositoryConfigurationDelegate Line:126 - Bootstrapping Spring Data repositories in DEFAULT mode.
2020-04-13 09:55:22.827 INFO  org.springframework.data.repository.config.RepositoryConfigurationDelegate Line:182 - Finished Spring Data repository scanning in 290ms. Found 1 repository interfaces.
2020-04-13 09:55:22.893 INFO  org.springframework.data.repository.config.RepositoryConfigurationDelegate Line:244 - Multiple Spring Data modules found, entering strict repository configuration mode!
2020-04-13 09:55:22.897 INFO  org.springframework.data.repository.config.RepositoryConfigurationDelegate Line:126 - Bootstrapping Spring Data repositories in DEFAULT mode.
2020-04-13 09:55:22.946 INFO  org.springframework.data.repository.config.RepositoryConfigurationExtensionSupport Line:363 - Spring Data Redis - Could not safely identify store assignment for repository candidate interface com.aaa.security_oauth2.service.daoJpa.UserDao.
2020-04-13 09:55:22.947 INFO  org.springframework.data.repository.config.RepositoryConfigurationDelegate Line:182 - Finished Spring Data repository scanning in 19ms. Found 0 repository interfaces.
2020-04-13 09:55:23.757 INFO  org.springframework.cloud.context.scope.GenericScope Line:295 - BeanFactory id=670132a9-2347-3c66-9b0c-d35372a7506c
2020-04-13 09:55:24.185 INFO  org.springframework.context.support.PostProcessorRegistrationDelegate$BeanPostProcessorChecker Line:330 - Bean 'org.springframework.transaction.annotation.ProxyTransactionManagementConfiguration' of type [org.springframework.transaction.annotation.ProxyTransactionManagementConfiguration$$EnhancerBySpringCGLIB$$a949dabf] is not eligible for getting processed by all BeanPostProcessors (for example: not eligible for auto-proxying)
2020-04-13 09:55:24.490 INFO  org.springframework.context.support.PostProcessorRegistrationDelegate$BeanPostProcessorChecker Line:330 - Bean 'cacheConfig' of type [com.aaa.security_oauth2.config.config_redis.CacheConfig$$EnhancerBySpringCGLIB$$39abb9f6] is not eligible for getting processed by all BeanPostProcessors (for example: not eligible for auto-proxying)
2020-04-13 09:55:24.558 INFO  org.springframework.context.support.PostProcessorRegistrationDelegate$BeanPostProcessorChecker Line:330 - Bean 'org.springframework.security.config.annotation.configuration.ObjectPostProcessorConfiguration' of type [org.springframework.security.config.annotation.configuration.ObjectPostProcessorConfiguration$$EnhancerBySpringCGLIB$$41f7a2f9] is not eligible for getting processed by all BeanPostProcessors (for example: not eligible for auto-proxying)
2020-04-13 09:55:24.567 INFO  org.springframework.context.support.PostProcessorRegistrationDelegate$BeanPostProcessorChecker Line:330 - Bean 'objectPostProcessor' of type [org.springframework.security.config.annotation.configuration.AutowireBeanFactoryObjectPostProcessor] is not eligible for getting processed by all BeanPostProcessors (for example: not eligible for auto-proxying)
2020-04-13 09:55:24.577 INFO  org.springframework.context.support.PostProcessorRegistrationDelegate$BeanPostProcessorChecker Line:330 - Bean 'trustResolverConfig' of type [com.aaa.security_oauth2.config.config_oauth.TrustResolverConfig$$EnhancerBySpringCGLIB$$dcd2040e] is not eligible for getting processed by all BeanPostProcessors (for example: not eligible for auto-proxying)
2020-04-13 09:55:24.581 INFO  org.springframework.context.support.PostProcessorRegistrationDelegate$BeanPostProcessorChecker Line:330 - Bean 'authenticationTrustResolver' of type [org.springframework.security.authentication.AuthenticationTrustResolverImpl] is not eligible for getting processed by all BeanPostProcessors (for example: not eligible for auto-proxying)
2020-04-13 09:55:24.583 INFO  org.springframework.context.support.PostProcessorRegistrationDelegate$BeanPostProcessorChecker Line:330 - Bean 'org.springframework.security.access.expression.method.DefaultMethodSecurityExpressionHandler@5c2fa8ab' of type [org.springframework.security.oauth2.provider.expression.OAuth2MethodSecurityExpressionHandler] is not eligible for getting processed by all BeanPostProcessors (for example: not eligible for auto-proxying)
2020-04-13 09:55:24.585 INFO  org.springframework.context.support.PostProcessorRegistrationDelegate$BeanPostProcessorChecker Line:330 - Bean 'org.springframework.security.config.annotation.method.configuration.GlobalMethodSecurityConfiguration' of type [org.springframework.security.config.annotation.method.configuration.GlobalMethodSecurityConfiguration$$EnhancerBySpringCGLIB$$66cc45ab] is not eligible for getting processed by all BeanPostProcessors (for example: not eligible for auto-proxying)
2020-04-13 09:55:24.613 INFO  org.springframework.context.support.PostProcessorRegistrationDelegate$BeanPostProcessorChecker Line:330 - Bean 'methodSecurityMetadataSource' of type [org.springframework.security.access.method.DelegatingMethodSecurityMetadataSource] is not eligible for getting processed by all BeanPostProcessors (for example: not eligible for auto-proxying)
2020-04-13 09:55:24.682 INFO  org.springframework.context.support.PostProcessorRegistrationDelegate$BeanPostProcessorChecker Line:330 - Bean 'org.springframework.cloud.autoconfigure.ConfigurationPropertiesRebinderAutoConfiguration' of type [org.springframework.cloud.autoconfigure.ConfigurationPropertiesRebinderAutoConfiguration$$EnhancerBySpringCGLIB$$c563ddbc] is not eligible for getting processed by all BeanPostProcessors (for example: not eligible for auto-proxying)
2020-04-13 09:55:25.584 INFO  org.springframework.boot.web.embedded.tomcat.TomcatWebServer Line:90  - Tomcat initialized with port(s): 8080 (http)
2020-04-13 09:55:25.638 INFO  org.apache.coyote.http11.Http11NioProtocol Line:173 - Initializing ProtocolHandler ["http-nio-8080"]
2020-04-13 09:55:25.660 INFO  org.apache.catalina.core.StandardService Line:173 - Starting service [Tomcat]
2020-04-13 09:55:25.660 INFO  org.apache.catalina.core.StandardEngine Line:173 - Starting Servlet engine: [Apache Tomcat/9.0.21]
2020-04-13 09:55:26.396 INFO  org.apache.jasper.servlet.TldScanner Line:173 - At least one JAR was scanned for TLDs yet contained no TLDs. Enable debug logging for this logger for a complete list of JARs that were scanned but no TLDs were found in them. Skipping unneeded JARs during scanning can improve startup time and JSP compilation time.
2020-04-13 09:55:26.410 INFO  org.apache.catalina.core.ContainerBase.[Tomcat].[localhost].[/] Line:173 - Initializing Spring embedded WebApplicationContext
2020-04-13 09:55:26.410 INFO  org.springframework.web.context.ContextLoader Line:283 - Root WebApplicationContext: initialization completed in 7526 ms
2020-04-13 09:55:26.648 INFO  com.netflix.config.sources.URLConfigurationSource Line:122 - To enable URLs as dynamic configuration sources, define System property archaius.configurationSource.additionalUrls or make config.properties available on classpath.
2020-04-13 09:55:26.663 INFO  com.netflix.config.DynamicPropertyFactory Line:281 - DynamicPropertyFactory is initialized with configuration sources: com.netflix.config.ConcurrentCompositeConfiguration@5803d272
2020-04-13 09:55:30.502 INFO  org.hibernate.jpa.internal.util.LogHelper Line:31  - HHH000204: Processing PersistenceUnitInfo [
	name: default
	...]
2020-04-13 09:55:30.654 INFO  org.hibernate.Version Line:46  - HHH000412: Hibernate Core {5.3.10.Final}
2020-04-13 09:55:30.657 INFO  org.hibernate.cfg.Environment Line:213 - HHH000206: hibernate.properties not found
2020-04-13 09:55:31.054 INFO  org.hibernate.annotations.common.Version Line:49  - HCANN000001: Hibernate Commons Annotations {5.0.4.Final}
2020-04-13 09:55:31.506 INFO  com.zaxxer.hikari.HikariDataSource Line:110 - SpringBootHikariCP - Starting...
2020-04-13 09:55:32.941 INFO  org.hibernate.dialect.Dialect Line:157 - HHH000400: Using dialect: org.hibernate.dialect.MySQL5Dialect
2020-04-13 09:55:33.018 INFO  org.hibernate.engine.jdbc.env.internal.LobCreatorBuilderImpl Line:63  - HHH000422: Disabling contextual LOB creation as connection was null
2020-04-13 09:55:34.700 INFO  org.springframework.orm.jpa.LocalContainerEntityManagerFactoryBean Line:415 - Initialized JPA EntityManagerFactory for persistence unit 'default'
2020-04-13 09:55:36.917 INFO  org.hibernate.hql.internal.QueryTranslatorFactoryInitiator Line:47  - HHH000397: Using ASTQueryTranslatorFactory
2020-04-13 09:55:38.311 INFO  org.springframework.security.web.DefaultSecurityFilterChain Line:43  - Creating filter chain: Ant [pattern='/v2/*'], []
2020-04-13 09:55:38.311 INFO  org.springframework.security.web.DefaultSecurityFilterChain Line:43  - Creating filter chain: Ant [pattern='/user/**'], []
2020-04-13 09:55:38.426 INFO  org.springframework.security.web.DefaultSecurityFilterChain Line:43  - Creating filter chain: OrRequestMatcher [requestMatchers=[Ant [pattern='/oauth/token'], Ant [pattern='/oauth/token_key'], Ant [pattern='/oauth/check_token']]], [org.springframework.security.web.context.request.async.WebAsyncManagerIntegrationFilter@309a4419, org.springframework.security.web.context.SecurityContextPersistenceFilter@44f1caa1, org.springframework.security.web.header.HeaderWriterFilter@2246031e, org.springframework.security.web.authentication.logout.LogoutFilter@5ccea2c1, org.springframework.security.oauth2.provider.client.ClientCredentialsTokenEndpointFilter@2d140c0a, org.springframework.security.web.authentication.www.BasicAuthenticationFilter@6ac1d99f, org.springframework.security.web.savedrequest.RequestCacheAwareFilter@550f4926, org.springframework.security.web.servletapi.SecurityContextHolderAwareRequestFilter@6e00abb2, org.springframework.security.web.authentication.AnonymousAuthenticationFilter@25196418, org.springframework.security.web.session.SessionManagementFilter@3a35781c, org.springframework.security.web.access.ExceptionTranslationFilter@59e7aa09, org.springframework.security.web.access.intercept.FilterSecurityInterceptor@43ae4cf5]
2020-04-13 09:55:38.438 INFO  org.springframework.security.web.DefaultSecurityFilterChain Line:43  - Creating filter chain: com.aaa.security_oauth2.config.config_oauth.ResourceServerConfigurer$OAuth2RequestedMatcher@531e1b7b, [org.springframework.security.web.context.request.async.WebAsyncManagerIntegrationFilter@3d2fd97, org.springframework.security.web.context.SecurityContextPersistenceFilter@a328af5, org.springframework.security.web.header.HeaderWriterFilter@5f39df2f, org.springframework.security.web.authentication.logout.LogoutFilter@22d2e1e7, org.springframework.security.oauth2.provider.authentication.OAuth2AuthenticationProcessingFilter@69e8f951, org.springframework.security.web.savedrequest.RequestCacheAwareFilter@3731c01a, org.springframework.security.web.servletapi.SecurityContextHolderAwareRequestFilter@26e0b174, org.springframework.security.web.authentication.AnonymousAuthenticationFilter@18e1996e, org.springframework.security.web.session.SessionManagementFilter@1c631abd, org.springframework.security.web.access.ExceptionTranslationFilter@1d14155c, org.springframework.security.web.access.intercept.FilterSecurityInterceptor@20ad56a3]
2020-04-13 09:55:38.445 INFO  org.springframework.security.web.DefaultSecurityFilterChain Line:43  - Creating filter chain: any request, [org.springframework.security.web.context.request.async.WebAsyncManagerIntegrationFilter@18eb9b00, org.springframework.security.web.context.SecurityContextPersistenceFilter@1a0f4c35, org.springframework.security.web.header.HeaderWriterFilter@17a40424, org.springframework.security.web.authentication.logout.LogoutFilter@3486e51a, org.springframework.security.web.authentication.UsernamePasswordAuthenticationFilter@4de36ff6, org.springframework.security.web.savedrequest.RequestCacheAwareFilter@3252a348, org.springframework.security.web.servletapi.SecurityContextHolderAwareRequestFilter@5600402, org.springframework.security.web.authentication.AnonymousAuthenticationFilter@a7be675, org.springframework.security.web.session.SessionManagementFilter@2c63b692, org.springframework.security.web.access.ExceptionTranslationFilter@6df8b1a5, org.springframework.security.web.access.intercept.FilterSecurityInterceptor@2f330241]
2020-04-13 09:55:38.647 INFO  com.netflix.config.sources.URLConfigurationSource Line:122 - To enable URLs as dynamic configuration sources, define System property archaius.configurationSource.additionalUrls or make config.properties available on classpath.
2020-04-13 09:55:38.826 INFO  org.springframework.scheduling.concurrent.ThreadPoolTaskExecutor Line:171 - Initializing ExecutorService 'applicationTaskExecutor'
2020-04-13 09:55:39.786 INFO  org.springframework.boot.actuate.endpoint.web.EndpointLinksResolver Line:58  - Exposing 2 endpoint(s) beneath base path '/actuator'
2020-04-13 09:55:39.885 INFO  org.springframework.boot.devtools.autoconfigure.OptionalLiveReloadServer Line:57  - LiveReload server is running on port 35729
2020-04-13 09:55:41.051 INFO  org.springframework.cloud.netflix.eureka.InstanceInfoFactory Line:72  - Setting initial instance status as: STARTING
2020-04-13 09:55:41.116 INFO  com.netflix.discovery.DiscoveryClient Line:349 - Initializing Eureka in region us-east-1
2020-04-13 09:55:41.972 INFO  com.netflix.discovery.provider.DiscoveryJerseyProvider Line:70  - Using JSON encoding codec LegacyJacksonJson
2020-04-13 09:55:41.973 INFO  com.netflix.discovery.provider.DiscoveryJerseyProvider Line:71  - Using JSON decoding codec LegacyJacksonJson
2020-04-13 09:55:42.146 INFO  com.netflix.discovery.provider.DiscoveryJerseyProvider Line:80  - Using XML encoding codec XStreamXml
2020-04-13 09:55:42.146 INFO  com.netflix.discovery.provider.DiscoveryJerseyProvider Line:81  - Using XML decoding codec XStreamXml
2020-04-13 09:55:42.322 INFO  com.netflix.discovery.shared.resolver.aws.ConfigClusterResolver Line:43  - Resolving eureka endpoints via configuration
2020-04-13 09:55:42.777 INFO  com.netflix.discovery.DiscoveryClient Line:958 - Disable delta property : false
2020-04-13 09:55:42.777 INFO  com.netflix.discovery.DiscoveryClient Line:959 - Single vip registry refresh property : null
2020-04-13 09:55:42.778 INFO  com.netflix.discovery.DiscoveryClient Line:960 - Force full registry fetch : false
2020-04-13 09:55:42.778 INFO  com.netflix.discovery.DiscoveryClient Line:961 - Application is null : false
2020-04-13 09:55:42.778 INFO  com.netflix.discovery.DiscoveryClient Line:962 - Registered Applications size is zero : true
2020-04-13 09:55:42.778 INFO  com.netflix.discovery.DiscoveryClient Line:964 - Application version is -1: true
2020-04-13 09:55:42.778 INFO  com.netflix.discovery.DiscoveryClient Line:1047 - Getting all instance registry info from the eureka server
2020-04-13 09:55:43.109 INFO  com.netflix.discovery.DiscoveryClient Line:1056 - The response status is 200
2020-04-13 09:55:43.112 INFO  com.netflix.discovery.DiscoveryClient Line:1270 - Starting heartbeat executor: renew interval is: 30
2020-04-13 09:55:43.114 INFO  com.netflix.discovery.InstanceInfoReplicator Line:60  - InstanceInfoReplicator onDemand update allowed rate per min is 4
2020-04-13 09:55:43.117 INFO  com.netflix.discovery.DiscoveryClient Line:449 - Discovery Client initialized at timestamp 1586742943116 with initial instances count: 3
2020-04-13 09:55:43.125 INFO  org.springframework.cloud.netflix.eureka.serviceregistry.EurekaServiceRegistry Line:41  - Registering application UNKNOWN with eureka with status UP
2020-04-13 09:55:43.126 INFO  com.netflix.discovery.DiscoveryClient Line:1305 - Saw local status change event StatusChangeEvent [timestamp=1586742943126, current=UP, previous=STARTING]
2020-04-13 09:55:43.128 INFO  com.netflix.discovery.DiscoveryClient Line:826 - DiscoveryClient_UNKNOWN/wuxia:8080: registering service...
2020-04-13 09:55:43.143 INFO  org.apache.coyote.http11.Http11NioProtocol Line:173 - Starting ProtocolHandler ["http-nio-8080"]
2020-04-13 09:55:43.190 INFO  com.netflix.discovery.DiscoveryClient Line:835 - DiscoveryClient_UNKNOWN/wuxia:8080 - registration status: 204
2020-04-13 09:55:43.227 INFO  org.springframework.boot.web.embedded.tomcat.TomcatWebServer Line:202 - Tomcat started on port(s): 8080 (http) with context path ''
2020-04-13 09:55:43.228 INFO  org.springframework.cloud.netflix.eureka.serviceregistry.EurekaAutoServiceRegistration Line:145 - Updating port to 8080
2020-04-13 09:55:43.231 INFO  com.aaa.security_oauth2.SecurityOauth2Application Line:59  - Started SecurityOauth2Application in 29.197 seconds (JVM running for 31.816)
2020-04-13 09:55:43.490 INFO  com.zaxxer.hikari.HikariDataSource Line:110 - SpringBootHikariCP - Starting...
2020-04-13 09:55:43.504 INFO  org.apache.catalina.core.ContainerBase.[Tomcat].[localhost].[/] Line:173 - Initializing Spring DispatcherServlet 'dispatcherServlet'
2020-04-13 09:55:43.504 INFO  org.springframework.web.servlet.DispatcherServlet Line:524 - Initializing Servlet 'dispatcherServlet'
2020-04-13 09:55:43.525 INFO  org.springframework.web.servlet.DispatcherServlet Line:546 - Completed initialization in 21 ms
2020-04-13 09:55:44.922 INFO  io.lettuce.core.EpollProvider Line:68  - Starting without optional epoll library
2020-04-13 09:55:44.923 INFO  io.lettuce.core.KqueueProvider Line:70  - Starting without optional kqueue library
2020-04-13 09:56:06.622 INFO  org.springframework.boot.devtools.env.DevToolsPropertyDefaultsPostProcessor Line:225 - Devtools property defaults active! Set 'spring.devtools.add-properties' to 'false' to disable
2020-04-13 09:56:07.056 INFO  org.springframework.context.support.PostProcessorRegistrationDelegate$BeanPostProcessorChecker Line:330 - Bean 'org.springframework.cloud.autoconfigure.ConfigurationPropertiesRebinderAutoConfiguration' of type [org.springframework.cloud.autoconfigure.ConfigurationPropertiesRebinderAutoConfiguration$$EnhancerBySpringCGLIB$$e024b030] is not eligible for getting processed by all BeanPostProcessors (for example: not eligible for auto-proxying)
2020-04-13 09:56:08.963 INFO  com.aaa.security_oauth2.SecurityOauth2Application Line:646 - No active profile set, falling back to default profiles: default
2020-04-13 09:56:10.625 INFO  org.springframework.data.repository.config.RepositoryConfigurationDelegate Line:244 - Multiple Spring Data modules found, entering strict repository configuration mode!
2020-04-13 09:56:10.626 INFO  org.springframework.data.repository.config.RepositoryConfigurationDelegate Line:126 - Bootstrapping Spring Data repositories in DEFAULT mode.
2020-04-13 09:56:10.736 INFO  org.springframework.data.repository.config.RepositoryConfigurationDelegate Line:182 - Finished Spring Data repository scanning in 99ms. Found 1 repository interfaces.
2020-04-13 09:56:10.751 INFO  org.springframework.data.repository.config.RepositoryConfigurationDelegate Line:244 - Multiple Spring Data modules found, entering strict repository configuration mode!
2020-04-13 09:56:10.753 INFO  org.springframework.data.repository.config.RepositoryConfigurationDelegate Line:126 - Bootstrapping Spring Data repositories in DEFAULT mode.
2020-04-13 09:56:10.790 INFO  org.springframework.data.repository.config.RepositoryConfigurationExtensionSupport Line:363 - Spring Data Redis - Could not safely identify store assignment for repository candidate interface com.aaa.security_oauth2.service.daoJpa.UserDao.
2020-04-13 09:56:10.791 INFO  org.springframework.data.repository.config.RepositoryConfigurationDelegate Line:182 - Finished Spring Data repository scanning in 20ms. Found 0 repository interfaces.
2020-04-13 09:56:11.474 INFO  org.springframework.cloud.context.scope.GenericScope Line:295 - BeanFactory id=670132a9-2347-3c66-9b0c-d35372a7506c
2020-04-13 09:56:11.772 INFO  org.springframework.context.support.PostProcessorRegistrationDelegate$BeanPostProcessorChecker Line:330 - Bean 'org.springframework.transaction.annotation.ProxyTransactionManagementConfiguration' of type [org.springframework.transaction.annotation.ProxyTransactionManagementConfiguration$$EnhancerBySpringCGLIB$$c40aad33] is not eligible for getting processed by all BeanPostProcessors (for example: not eligible for auto-proxying)
2020-04-13 09:56:11.959 INFO  org.springframework.context.support.PostProcessorRegistrationDelegate$BeanPostProcessorChecker Line:330 - Bean 'cacheConfig' of type [com.aaa.security_oauth2.config.config_redis.CacheConfig$$EnhancerBySpringCGLIB$$546c8c6a] is not eligible for getting processed by all BeanPostProcessors (for example: not eligible for auto-proxying)
2020-04-13 09:56:12.019 INFO  org.springframework.context.support.PostProcessorRegistrationDelegate$BeanPostProcessorChecker Line:330 - Bean 'org.springframework.security.config.annotation.configuration.ObjectPostProcessorConfiguration' of type [org.springframework.security.config.annotation.configuration.ObjectPostProcessorConfiguration$$EnhancerBySpringCGLIB$$5cb8756d] is not eligible for getting processed by all BeanPostProcessors (for example: not eligible for auto-proxying)
2020-04-13 09:56:12.029 INFO  org.springframework.context.support.PostProcessorRegistrationDelegate$BeanPostProcessorChecker Line:330 - Bean 'objectPostProcessor' of type [org.springframework.security.config.annotation.configuration.AutowireBeanFactoryObjectPostProcessor] is not eligible for getting processed by all BeanPostProcessors (for example: not eligible for auto-proxying)
2020-04-13 09:56:12.039 INFO  org.springframework.context.support.PostProcessorRegistrationDelegate$BeanPostProcessorChecker Line:330 - Bean 'trustResolverConfig' of type [com.aaa.security_oauth2.config.config_oauth.TrustResolverConfig$$EnhancerBySpringCGLIB$$f792d682] is not eligible for getting processed by all BeanPostProcessors (for example: not eligible for auto-proxying)
2020-04-13 09:56:12.039 INFO  org.springframework.context.support.PostProcessorRegistrationDelegate$BeanPostProcessorChecker Line:330 - Bean 'authenticationTrustResolver' of type [org.springframework.security.authentication.AuthenticationTrustResolverImpl] is not eligible for getting processed by all BeanPostProcessors (for example: not eligible for auto-proxying)
2020-04-13 09:56:12.039 INFO  org.springframework.context.support.PostProcessorRegistrationDelegate$BeanPostProcessorChecker Line:330 - Bean 'org.springframework.security.access.expression.method.DefaultMethodSecurityExpressionHandler@126dbaea' of type [org.springframework.security.oauth2.provider.expression.OAuth2MethodSecurityExpressionHandler] is not eligible for getting processed by all BeanPostProcessors (for example: not eligible for auto-proxying)
2020-04-13 09:56:12.049 INFO  org.springframework.context.support.PostProcessorRegistrationDelegate$BeanPostProcessorChecker Line:330 - Bean 'org.springframework.security.config.annotation.method.configuration.GlobalMethodSecurityConfiguration' of type [org.springframework.security.config.annotation.method.configuration.GlobalMethodSecurityConfiguration$$EnhancerBySpringCGLIB$$818d181f] is not eligible for getting processed by all BeanPostProcessors (for example: not eligible for auto-proxying)
2020-04-13 09:56:12.059 INFO  org.springframework.context.support.PostProcessorRegistrationDelegate$BeanPostProcessorChecker Line:330 - Bean 'methodSecurityMetadataSource' of type [org.springframework.security.access.method.DelegatingMethodSecurityMetadataSource] is not eligible for getting processed by all BeanPostProcessors (for example: not eligible for auto-proxying)
2020-04-13 09:56:12.079 INFO  org.springframework.context.support.PostProcessorRegistrationDelegate$BeanPostProcessorChecker Line:330 - Bean 'org.springframework.cloud.autoconfigure.ConfigurationPropertiesRebinderAutoConfiguration' of type [org.springframework.cloud.autoconfigure.ConfigurationPropertiesRebinderAutoConfiguration$$EnhancerBySpringCGLIB$$e024b030] is not eligible for getting processed by all BeanPostProcessors (for example: not eligible for auto-proxying)
2020-04-13 09:56:12.914 INFO  org.springframework.boot.web.embedded.tomcat.TomcatWebServer Line:90  - Tomcat initialized with port(s): 8080 (http)
2020-04-13 09:56:12.939 INFO  org.apache.coyote.http11.Http11NioProtocol Line:173 - Initializing ProtocolHandler ["http-nio-8080"]
2020-04-13 09:56:12.953 INFO  org.apache.catalina.core.StandardService Line:173 - Starting service [Tomcat]
2020-04-13 09:56:12.954 INFO  org.apache.catalina.core.StandardEngine Line:173 - Starting Servlet engine: [Apache Tomcat/9.0.21]
2020-04-13 09:56:13.526 INFO  org.apache.jasper.servlet.TldScanner Line:173 - At least one JAR was scanned for TLDs yet contained no TLDs. Enable debug logging for this logger for a complete list of JARs that were scanned but no TLDs were found in them. Skipping unneeded JARs during scanning can improve startup time and JSP compilation time.
2020-04-13 09:56:13.534 INFO  org.apache.catalina.core.ContainerBase.[Tomcat].[localhost].[/] Line:173 - Initializing Spring embedded WebApplicationContext
2020-04-13 09:56:13.534 INFO  org.springframework.web.context.ContextLoader Line:283 - Root WebApplicationContext: initialization completed in 4544 ms
2020-04-13 09:56:13.737 INFO  com.netflix.config.sources.URLConfigurationSource Line:122 - To enable URLs as dynamic configuration sources, define System property archaius.configurationSource.additionalUrls or make config.properties available on classpath.
2020-04-13 09:56:13.750 INFO  com.netflix.config.DynamicPropertyFactory Line:281 - DynamicPropertyFactory is initialized with configuration sources: com.netflix.config.ConcurrentCompositeConfiguration@71a22345
2020-04-13 09:56:16.842 INFO  org.hibernate.jpa.internal.util.LogHelper Line:31  - HHH000204: Processing PersistenceUnitInfo [
	name: default
	...]
2020-04-13 09:56:16.947 INFO  org.hibernate.Version Line:46  - HHH000412: Hibernate Core {5.3.10.Final}
2020-04-13 09:56:16.951 INFO  org.hibernate.cfg.Environment Line:213 - HHH000206: hibernate.properties not found
2020-04-13 09:56:17.160 INFO  org.hibernate.annotations.common.Version Line:49  - HCANN000001: Hibernate Commons Annotations {5.0.4.Final}
2020-04-13 09:56:17.397 INFO  com.zaxxer.hikari.HikariDataSource Line:110 - SpringBootHikariCP - Starting...
2020-04-13 09:56:17.735 INFO  com.zaxxer.hikari.HikariDataSource Line:123 - SpringBootHikariCP - Start completed.
2020-04-13 09:56:17.757 INFO  org.hibernate.dialect.Dialect Line:157 - HHH000400: Using dialect: org.hibernate.dialect.MySQL5Dialect
